TeleSMS/app/build/outputs/logs/manifest-merger-release-report.txt
-- Merging decision tree log ---
manifest
ADDED from src\main\AndroidManifest.xml:2:1-106:12
INJECTED from src\main\AndroidManifest.xml:2:1-106:12
INJECTED from src\main\AndroidManifest.xml:2:1-106:12
INJECTED from src\main\AndroidManifest.xml:2:1-106:12
MERGED from [com.android.support:design:28.0.0] AndroidManifest.xml:17:1-24:12
MERGED from [com.taishi-y:flipprogressdialog:0.1.0] AndroidManifest.xml:2:1-17:12
MERGED from [com.android.support:appcompat-v7:28.0.0] AndroidManifest.xml:17:1-22:12
MERGED from [com.android.support.constraint:constraint-layout:1.1.0] AndroidManifest.xml:2:1-11:12
MERGED from [com.google.firebase:firebase-messaging:17.3.4] AndroidManifest.xml:17:1-37:12
MERGED from [com.google.firebase:firebase-core:16.0.1] AndroidManifest.xml:2:1-9:12
MERGED from [com.google.firebase:firebase-measurement-connector-impl:16.0.1] AndroidManifest.xml:17:1-34:12
MERGED from [com.google.firebase:firebase-analytics:16.0.1] AndroidManifest.xml:17:1-55:12
MERGED from [com.google.firebase:firebase-analytics-impl:16.1.1] AndroidManifest.xml:17:1-40:12
MERGED from [com.google.firebase:firebase-iid:17.0.4] AndroidManifest.xml:17:1-59:12
MERGED from [com.google.firebase:firebase-common:16.0.3] AndroidManifest.xml:2:1-17:12
MERGED from [com.google.firebase:firebase-iid-interop:16.0.1] AndroidManifest.xml:2:1-10:12
MERGED from [com.google.android.gms:play-services-base:16.0.1] AndroidManifest.xml:17:1-29:12
MERGED from [com.google.android.gms:play-services-tasks:16.0.1] AndroidManifest.xml:2:1-9:12
MERGED from [com.google.firebase:firebase-measurement-connector:17.0.1] AndroidManifest.xml:17:1-25:12
MERGED from [com.google.android.gms:play-services-stats:16.0.1] AndroidManifest.xml:2:1-9:12
MERGED from [com.google.android.gms:play-services-ads-identifier:15.0.1] AndroidManifest.xml:17:1-24:12
MERGED from [com.google.android.gms:play-services-basement:16.0.1] AndroidManifest.xml:17:1-28:12
MERGED from [com.android.support:support-v4:28.0.0] AndroidManifest.xml:17:1-22:12
MERGED from [io.reactivex:rxandroid:1.2.1] AndroidManifest.xml:15:1-21:12
MERGED from [com.github.siyamed:android-shape-imageview:0.9.3] AndroidManifest.xml:2:1-12:12
MERGED from [com.paypal.sdk:paypal-android-sdk:2.16.0] AndroidManifest.xml:2:1-28:12
MERGED from [com.crashlytics.sdk.android:crashlytics:2.9.4] AndroidManifest.xml:2:1-19:12
MERGED from [com.android.support:multidex:1.0.3] AndroidManifest.xml:17:1-22:12
MERGED from [com.android.support:support-fragment:28.0.0] AndroidManifest.xml:17:1-22:12
MERGED from [com.android.support:animated-vector-drawable:28.0.0] AndroidManifest.xml:17:1-22:12
MERGED from [com.android.support:recyclerview-v7:28.0.0] AndroidManifest.xml:17:1-22:12
MERGED from [com.android.support:support-core-ui:28.0.0] AndroidManifest.xml:17:1-22:12
MERGED from [com.android.support:support-core-utils:28.0.0] AndroidManifest.xml:17:1-22:12
MERGED from [com.android.support:support-vector-drawable:28.0.0] AndroidManifest.xml:17:1-22:12
MERGED from [com.android.support:support-media-compat:28.0.0] AndroidManifest.xml:17:1-22:12
MERGED from [com.android.support:transition:28.0.0] AndroidManifest.xml:17:1-22:12
MERGED from [com.android.support:loader:28.0.0] AndroidManifest.xml:17:1-22:12
MERGED from [com.android.support:viewpager:28.0.0] AndroidManifest.xml:17:1-22:12
MERGED from [com.android.support:coordinatorlayout:28.0.0] AndroidManifest.xml:17:1-22:12
MERGED from [com.android.support:drawerlayout:28.0.0] AndroidManifest.xml:17:1-22:12
MERGED from [com.android.support:slidingpanelayout:28.0.0] AndroidManifest.xml:17:1-22:12
MERGED from [com.android.support:customview:28.0.0] AndroidManifest.xml:17:1-22:12
MERGED from [com.android.support:swiperefreshlayout:28.0.0] AndroidManifest.xml:17:1-22:12
MERGED from [com.android.support:asynclayoutinflater:28.0.0] AndroidManifest.xml:17:1-22:12
MERGED from [com.android.support:support-compat:28.0.0] AndroidManifest.xml:17:1-24:12
MERGED from [com.android.support:versionedparcelable:28.0.0] AndroidManifest.xml:17:1-25:12
MERGED from [com.android.support:cursoradapter:28.0.0] AndroidManifest.xml:17:1-22:12
MERGED from [com.android.support:cardview-v7:28.0.0] AndroidManifest.xml:17:1-22:12
MERGED from [android.arch.lifecycle:runtime:1.1.1] AndroidManifest.xml:17:1-22:12
MERGED from [com.android.support:documentfile:28.0.0] AndroidManifest.xml:17:1-22:12
MERGED from [com.android.support:localbroadcastmanager:28.0.0] AndroidManifest.xml:17:1-22:12
MERGED from [com.android.support:print:28.0.0] AndroidManifest.xml:17:1-22:12
MERGED from [android.arch.lifecycle:viewmodel:1.1.1] AndroidManifest.xml:17:1-22:12
MERGED from [com.android.support:interpolator:28.0.0] AndroidManifest.xml:17:1-22:12
MERGED from [android.arch.lifecycle:livedata:1.1.1] AndroidManifest.xml:17:1-22:12
MERGED from [android.arch.lifecycle:livedata-core:1.1.1] AndroidManifest.xml:17:1-22:12
MERGED from [android.arch.core:runtime:1.1.1] AndroidManifest.xml:17:1-22:12
MERGED from [io.card:android-sdk:5.5.1] AndroidManifest.xml:2:1-26:12
MERGED from [com.crashlytics.sdk.android:crashlytics-core:2.6.3] AndroidManifest.xml:45:1-56:12
MERGED from [com.crashlytics.sdk.android:beta:1.2.9] AndroidManifest.xml:2:1-13:12
MERGED from [com.crashlytics.sdk.android:answers:1.4.2] AndroidManifest.xml:2:1-13:12
MERGED from [io.fabric.sdk.android:fabric:1.4.3] AndroidManifest.xml:22:1-33:12
MERGED from [com.google.android.gms:play-services-measurement-base:16.0.0] AndroidManifest.xml:17:1-24:12
INJECTED from src\main\AndroidManifest.xml:2:1-106:12
INJECTED from src\main\AndroidManifest.xml:2:1-106:12
INJECTED from src\main\AndroidManifest.xml:2:1-106:12
	package
		ADDED from src\main\AndroidManifest.xml:5:5-35
		INJECTED from src\main\AndroidManifest.xml
		INJECTED from src\main\AndroidManifest.xml
	android:versionName
		INJECTED from src\main\AndroidManifest.xml
		ADDED from src\main\AndroidManifest.xml:2:1-106:12
		INJECTED from src\main\AndroidManifest.xml
	xmlns:tools
		ADDED from src\main\AndroidManifest.xml:4:5-51
	android:versionCode
		INJECTED from src\main\AndroidManifest.xml
		ADDED from src\main\AndroidManifest.xml:2:1-106:12
		INJECTED from src\main\AndroidManifest.xml
	xmlns:android
		ADDED from src\main\AndroidManifest.xml:3:5-63
uses-permission#android.permission.WRITE_EXTERNAL_STORAGE
ADDED from src\main\AndroidManifest.xml:7:5-81
	android:name
		ADDED from src\main\AndroidManifest.xml:7:22-78
uses-permission#android.permission.INTERNET
ADDED from src\main\AndroidManifest.xml:8:5-67
MERGED from [com.google.firebase:firebase-measurement-connector-impl:16.0.1] AndroidManifest.xml:22:5-67
MERGED from [com.google.firebase:firebase-measurement-connector-impl:16.0.1] AndroidManifest.xml:22:5-67
MERGED from [com.google.firebase:firebase-analytics:16.0.1] AndroidManifest.xml:23:5-67
MERGED from [com.google.firebase:firebase-analytics:16.0.1] AndroidManifest.xml:23:5-67
MERGED from [com.google.firebase:firebase-analytics-impl:16.1.1] AndroidManifest.xml:23:5-67
MERGED from [com.google.firebase:firebase-analytics-impl:16.1.1] AndroidManifest.xml:23:5-67
MERGED from [com.google.firebase:firebase-iid:17.0.4] AndroidManifest.xml:23:5-67
MERGED from [com.google.firebase:firebase-iid:17.0.4] AndroidManifest.xml:23:5-67
MERGED from [com.paypal.sdk:paypal-android-sdk:2.16.0] AndroidManifest.xml:10:5-67
MERGED from [com.paypal.sdk:paypal-android-sdk:2.16.0] AndroidManifest.xml:10:5-67
MERGED from [com.crashlytics.sdk.android:crashlytics:2.9.4] AndroidManifest.xml:9:5-67
MERGED from [com.crashlytics.sdk.android:crashlytics:2.9.4] AndroidManifest.xml:9:5-67
MERGED from [com.crashlytics.sdk.android:crashlytics-core:2.6.3] AndroidManifest.xml:52:5-67
MERGED from [com.crashlytics.sdk.android:crashlytics-core:2.6.3] AndroidManifest.xml:52:5-67
MERGED from [com.crashlytics.sdk.android:beta:1.2.9] AndroidManifest.xml:9:5-67
MERGED from [com.crashlytics.sdk.android:beta:1.2.9] AndroidManifest.xml:9:5-67
MERGED from [com.crashlytics.sdk.android:answers:1.4.2] AndroidManifest.xml:9:5-67
MERGED from [com.crashlytics.sdk.android:answers:1.4.2] AndroidManifest.xml:9:5-67
MERGED from [io.fabric.sdk.android:fabric:1.4.3] AndroidManifest.xml:29:5-67
MERGED from [io.fabric.sdk.android:fabric:1.4.3] AndroidManifest.xml:29:5-67
	android:name
		ADDED from src\main\AndroidManifest.xml:8:22-64
uses-permission#android.permission.ACCESS_NETWORK_STATE
ADDED from src\main\AndroidManifest.xml:9:5-79
MERGED from [com.google.firebase:firebase-measurement-connector-impl:16.0.1] AndroidManifest.xml:23:5-79
MERGED from [com.google.firebase:firebase-measurement-connector-impl:16.0.1] AndroidManifest.xml:23:5-79
MERGED from [com.google.firebase:firebase-analytics:16.0.1] AndroidManifest.xml:24:5-79
MERGED from [com.google.firebase:firebase-analytics:16.0.1] AndroidManifest.xml:24:5-79
MERGED from [com.google.firebase:firebase-analytics-impl:16.1.1] AndroidManifest.xml:24:5-79
MERGED from [com.google.firebase:firebase-analytics-impl:16.1.1] AndroidManifest.xml:24:5-79
MERGED from [com.google.firebase:firebase-iid:17.0.4] AndroidManifest.xml:22:5-79
MERGED from [com.google.firebase:firebase-iid:17.0.4] AndroidManifest.xml:22:5-79
MERGED from [com.paypal.sdk:paypal-android-sdk:2.16.0] AndroidManifest.xml:9:5-79
MERGED from [com.paypal.sdk:paypal-android-sdk:2.16.0] AndroidManifest.xml:9:5-79
	android:name
		ADDED from src\main\AndroidManifest.xml:9:22-76
uses-permission#android.permission.READ_CONTACTS
ADDED from src\main\AndroidManifest.xml:10:5-72
	android:name
		ADDED from src\main\AndroidManifest.xml:10:22-69
uses-permission#android.permission.ACCESS_WIFI_STATE
ADDED from src\main\AndroidManifest.xml:11:5-76
	android:name
		ADDED from src\main\AndroidManifest.xml:11:22-73
uses-permission#android.permission.READ_PHONE_STATE
ADDED from src\main\AndroidManifest.xml:12:5-75
	android:name
		ADDED from src\main\AndroidManifest.xml:12:22-72
uses-permission#android.permission.CALL_PHONE
ADDED from src\main\AndroidManifest.xml:13:5-69
	android:name
		ADDED from src\main\AndroidManifest.xml:13:22-66
uses-permission#android.permission.WAKE_LOCK
ADDED from src\main\AndroidManifest.xml:14:5-68
MERGED from [com.google.firebase:firebase-measurement-connector-impl:16.0.1] AndroidManifest.xml:24:5-68
MERGED from [com.google.firebase:firebase-measurement-connector-impl:16.0.1] AndroidManifest.xml:24:5-68
MERGED from [com.google.firebase:firebase-analytics:16.0.1] AndroidManifest.xml:25:5-68
MERGED from [com.google.firebase:firebase-analytics:16.0.1] AndroidManifest.xml:25:5-68
MERGED from [com.google.firebase:firebase-analytics-impl:16.1.1] AndroidManifest.xml:25:5-68
MERGED from [com.google.firebase:firebase-analytics-impl:16.1.1] AndroidManifest.xml:25:5-68
MERGED from [com.google.firebase:firebase-iid:17.0.4] AndroidManifest.xml:24:5-68
MERGED from [com.google.firebase:firebase-iid:17.0.4] AndroidManifest.xml:24:5-68
	android:name
		ADDED from src\main\AndroidManifest.xml:14:22-65
uses-permission#android.permission.VIBRATE
ADDED from src\main\AndroidManifest.xml:16:5-66
MERGED from [io.card:android-sdk:5.5.1] AndroidManifest.xml:10:5-66
MERGED from [io.card:android-sdk:5.5.1] AndroidManifest.xml:10:5-66
	android:name
		ADDED from src\main\AndroidManifest.xml:16:22-63
uses-permission#com.google.android.c2dm.permission.RECEIVE
ADDED from src\main\AndroidManifest.xml:17:5-82
MERGED from [com.google.firebase:firebase-iid:17.0.4] AndroidManifest.xml:26:5-82
MERGED from [com.google.firebase:firebase-iid:17.0.4] AndroidManifest.xml:26:5-82
	android:name
		ADDED from src\main\AndroidManifest.xml:17:22-79
uses-permission#com.google.android.providers.gsf.permission.READ_GSERVICES
ADDED from src\main\AndroidManifest.xml:18:5-98
	android:name
		ADDED from src\main\AndroidManifest.xml:18:22-95
application
ADDED from src\main\AndroidManifest.xml:23:5-104:19
MERGED from [com.android.support:design:28.0.0] AndroidManifest.xml:22:5-20
MERGED from [com.android.support:design:28.0.0] AndroidManifest.xml:22:5-20
MERGED from [com.taishi-y:flipprogressdialog:0.1.0] AndroidManifest.xml:11:5-15:19
MERGED from [com.taishi-y:flipprogressdialog:0.1.0] AndroidManifest.xml:11:5-15:19
MERGED from [com.android.support.constraint:constraint-layout:1.1.0] AndroidManifest.xml:9:5-20
MERGED from [com.android.support.constraint:constraint-layout:1.1.0] AndroidManifest.xml:9:5-20
MERGED from [com.google.firebase:firebase-messaging:17.3.4] AndroidManifest.xml:22:5-35:19
MERGED from [com.google.firebase:firebase-messaging:17.3.4] AndroidManifest.xml:22:5-35:19
MERGED from [com.google.firebase:firebase-core:16.0.1] AndroidManifest.xml:7:5-20
MERGED from [com.google.firebase:firebase-core:16.0.1] AndroidManifest.xml:7:5-20
MERGED from [com.google.firebase:firebase-measurement-connector-impl:16.0.1] AndroidManifest.xml:26:5-32:19
MERGED from [com.google.firebase:firebase-measurement-connector-impl:16.0.1] AndroidManifest.xml:26:5-32:19
MERGED from [com.google.firebase:firebase-analytics:16.0.1] AndroidManifest.xml:28:5-53:19
MERGED from [com.google.firebase:firebase-analytics:16.0.1] AndroidManifest.xml:28:5-53:19
MERGED from [com.google.firebase:firebase-analytics-impl:16.1.1] AndroidManifest.xml:28:5-38:19
MERGED from [com.google.firebase:firebase-analytics-impl:16.1.1] AndroidManifest.xml:28:5-38:19
MERGED from [com.google.firebase:firebase-iid:17.0.4] AndroidManifest.xml:28:5-57:19
MERGED from [com.google.firebase:firebase-iid:17.0.4] AndroidManifest.xml:28:5-57:19
MERGED from [com.google.firebase:firebase-common:16.0.3] AndroidManifest.xml:9:5-15:19
MERGED from [com.google.firebase:firebase-common:16.0.3] AndroidManifest.xml:9:5-15:19
MERGED from [com.google.firebase:firebase-iid-interop:16.0.1] AndroidManifest.xml:7:5-8:19
MERGED from [com.google.firebase:firebase-iid-interop:16.0.1] AndroidManifest.xml:7:5-8:19
MERGED from [com.google.android.gms:play-services-base:16.0.1] AndroidManifest.xml:22:5-27:19
MERGED from [com.google.android.gms:play-services-base:16.0.1] AndroidManifest.xml:22:5-27:19
MERGED from [com.google.android.gms:play-services-tasks:16.0.1] AndroidManifest.xml:7:5-20
MERGED from [com.google.android.gms:play-services-tasks:16.0.1] AndroidManifest.xml:7:5-20
MERGED from [com.google.firebase:firebase-measurement-connector:17.0.1] AndroidManifest.xml:22:5-23:19
MERGED from [com.google.firebase:firebase-measurement-connector:17.0.1] AndroidManifest.xml:22:5-23:19
MERGED from [com.google.android.gms:play-services-stats:16.0.1] AndroidManifest.xml:7:5-20
MERGED from [com.google.android.gms:play-services-stats:16.0.1] AndroidManifest.xml:7:5-20
MERGED from [com.google.android.gms:play-services-ads-identifier:15.0.1] AndroidManifest.xml:22:5-20
MERGED from [com.google.android.gms:play-services-ads-identifier:15.0.1] AndroidManifest.xml:22:5-20
MERGED from [com.google.android.gms:play-services-basement:16.0.1] AndroidManifest.xml:22:5-26:19
MERGED from [com.google.android.gms:play-services-basement:16.0.1] AndroidManifest.xml:22:5-26:19
MERGED from [com.paypal.sdk:paypal-android-sdk:2.16.0] AndroidManifest.xml:12:5-26:19
MERGED from [com.paypal.sdk:paypal-android-sdk:2.16.0] AndroidManifest.xml:12:5-26:19
MERGED from [com.crashlytics.sdk.android:crashlytics:2.9.4] AndroidManifest.xml:11:5-17:19
MERGED from [com.crashlytics.sdk.android:crashlytics:2.9.4] AndroidManifest.xml:11:5-17:19
MERGED from [com.android.support:support-compat:28.0.0] AndroidManifest.xml:22:5-94
MERGED from [com.android.support:support-compat:28.0.0] AndroidManifest.xml:22:5-94
MERGED from [com.android.support:versionedparcelable:28.0.0] AndroidManifest.xml:22:5-23:19
MERGED from [com.android.support:versionedparcelable:28.0.0] AndroidManifest.xml:22:5-23:19
MERGED from [io.card:android-sdk:5.5.1] AndroidManifest.xml:19:5-24:19
MERGED from [io.card:android-sdk:5.5.1] AndroidManifest.xml:19:5-24:19
MERGED from [com.crashlytics.sdk.android:crashlytics-core:2.6.3] AndroidManifest.xml:54:5-20
MERGED from [com.crashlytics.sdk.android:crashlytics-core:2.6.3] AndroidManifest.xml:54:5-20
MERGED from [com.crashlytics.sdk.android:beta:1.2.9] AndroidManifest.xml:11:5-20
MERGED from [com.crashlytics.sdk.android:beta:1.2.9] AndroidManifest.xml:11:5-20
MERGED from [com.crashlytics.sdk.android:answers:1.4.2] AndroidManifest.xml:11:5-20
MERGED from [com.crashlytics.sdk.android:answers:1.4.2] AndroidManifest.xml:11:5-20
MERGED from [io.fabric.sdk.android:fabric:1.4.3] AndroidManifest.xml:31:5-20
MERGED from [io.fabric.sdk.android:fabric:1.4.3] AndroidManifest.xml:31:5-20
MERGED from [com.google.android.gms:play-services-measurement-base:16.0.0] AndroidManifest.xml:22:5-20
MERGED from [com.google.android.gms:play-services-measurement-base:16.0.0] AndroidManifest.xml:22:5-20
	android:appComponentFactory
		ADDED from [com.android.support:support-compat:28.0.0] AndroidManifest.xml:22:18-91
	android:supportsRtl
		ADDED from src\main\AndroidManifest.xml:29:9-35
	android:label
		ADDED from src\main\AndroidManifest.xml:28:9-41
	android:icon
		ADDED from src\main\AndroidManifest.xml:27:9-43
	android:allowBackup
		ADDED from src\main\AndroidManifest.xml:26:9-36
		REJECTED from [com.taishi-y:flipprogressdialog:0.1.0] AndroidManifest.xml:12:9-35
	android:theme
		ADDED from src\main\AndroidManifest.xml:30:9-40
	tools:replace
		ADDED from src\main\AndroidManifest.xml:25:9-44
	android:name
		ADDED from src\main\AndroidManifest.xml:24:9-55
activity#com.teleclub.telesms.activity.SignInActivity
ADDED from src\main\AndroidManifest.xml:32:9-81
	android:name
		ADDED from src\main\AndroidManifest.xml:32:19-78
activity#com.teleclub.telesms.activity.SignUpActivity
ADDED from src\main\AndroidManifest.xml:34:9-81
	android:name
		ADDED from src\main\AndroidManifest.xml:34:19-78
activity#com.teleclub.telesms.activity.MainActivity
ADDED from src\main\AndroidManifest.xml:36:9-40:20
	android:name
		ADDED from src\main\AndroidManifest.xml:36:19-76
intent-filter#action:name:android.intent.action.VIEW
ADDED from src\main\AndroidManifest.xml:37:13-39:29
action#android.intent.action.VIEW
ADDED from src\main\AndroidManifest.xml:38:17-69
	android:name
		ADDED from src\main\AndroidManifest.xml:38:25-66
activity#com.teleclub.telesms.activity.SettingActivity
ADDED from src\main\AndroidManifest.xml:42:9-46:20
	android:name
		ADDED from src\main\AndroidManifest.xml:42:19-79
meta-data#android.support.PARENT_ACTIVITY
ADDED from src\main\AndroidManifest.xml:43:13-45:78
	android:value
		ADDED from src\main\AndroidManifest.xml:45:17-75
	android:name
		ADDED from src\main\AndroidManifest.xml:44:17-63
activity#com.teleclub.telesms.activity.AccessNumberActivity
ADDED from src\main\AndroidManifest.xml:48:9-87
	android:name
		ADDED from src\main\AndroidManifest.xml:48:19-84
activity#com.teleclub.telesms.activity.AboutActivity
ADDED from src\main\AndroidManifest.xml:49:9-80
	android:name
		ADDED from src\main\AndroidManifest.xml:49:19-77
activity#com.teleclub.telesms.activity.SplashActivity
ADDED from src\main\AndroidManifest.xml:51:9-58:20
	android:screenOrientation
		ADDED from src\main\AndroidManifest.xml:52:13-55
	android:name
		ADDED from src\main\AndroidManifest.xml:51:19-78
intent-filter#action:name:android.intent.action.MAIN+category:name:android.intent.category.LAUNCHER
ADDED from src\main\AndroidManifest.xml:53:13-57:29
action#android.intent.action.MAIN
ADDED from src\main\AndroidManifest.xml:54:17-69
	android:name
		ADDED from src\main\AndroidManifest.xml:54:25-66
category#android.intent.category.LAUNCHER
ADDED from src\main\AndroidManifest.xml:56:17-77
	android:name
		ADDED from src\main\AndroidManifest.xml:56:27-74
receiver#com.teleclub.telesms.receiver.PhoneStateBroadcastReceiver
ADDED from src\main\AndroidManifest.xml:60:9-64:20
	android:name
		ADDED from src\main\AndroidManifest.xml:60:19-91
intent-filter#action:name:android.intent.action.PHONE_STATE
ADDED from src\main\AndroidManifest.xml:61:13-63:29
action#android.intent.action.PHONE_STATE
ADDED from src\main\AndroidManifest.xml:62:17-76
	android:name
		ADDED from src\main\AndroidManifest.xml:62:25-73
meta-data#io.fabric.ApiKey
ADDED from src\main\AndroidManifest.xml:66:9-68:72
	android:value
		ADDED from src\main\AndroidManifest.xml:68:13-69
	android:name
		ADDED from src\main\AndroidManifest.xml:67:13-44
activity#com.teleclub.telesms.activity.ResetPasswordActivity
ADDED from src\main\AndroidManifest.xml:70:9-88
	android:name
		ADDED from src\main\AndroidManifest.xml:70:19-85
activity#com.teleclub.telesms.activity.UpdateIMEIActivity
ADDED from src\main\AndroidManifest.xml:71:9-85
	android:name
		ADDED from src\main\AndroidManifest.xml:71:19-82
activity#com.teleclub.telesms.activity.NotificationActivity
ADDED from src\main\AndroidManifest.xml:72:9-87
	android:name
		ADDED from src\main\AndroidManifest.xml:72:19-84
activity#com.teleclub.telesms.activity.NewMessageActivity
ADDED from src\main\AndroidManifest.xml:73:9-85
	android:name
		ADDED from src\main\AndroidManifest.xml:73:19-82
service#com.teleclub.telesms.service.RajaTalkMessagingService
ADDED from src\main\AndroidManifest.xml:97:9-102:19
	android:permission
		ADDED from src\main\AndroidManifest.xml:98:13-73
	android:name
		ADDED from src\main\AndroidManifest.xml:97:18-86
intent-filter#action:name:com.google.firebase.MESSAGING_EVENT
ADDED from src\main\AndroidManifest.xml:99:13-101:29
action#com.google.firebase.MESSAGING_EVENT
ADDED from src\main\AndroidManifest.xml:100:17-78
	android:name
		ADDED from src\main\AndroidManifest.xml:100:25-75
uses-sdk
INJECTED from src\main\AndroidManifest.xml reason: use-sdk injection requested
INJECTED from src\main\AndroidManifest.xml
INJECTED from src\main\AndroidManifest.xml
MERGED from [com.android.support:design:28.0.0] AndroidManifest.xml:20:5-44
MERGED from [com.android.support:design:28.0.0] AndroidManifest.xml:20:5-44
MERGED from [com.taishi-y:flipprogressdialog:0.1.0] AndroidManifest.xml:7:5-9:41
MERGED from [com.taishi-y:flipprogressdialog:0.1.0] AndroidManifest.xml:7:5-9:41
MERGED from [com.android.support:appcompat-v7:28.0.0] AndroidManifest.xml:20:5-44
MERGED from [com.android.support:appcompat-v7:28.0.0] AndroidManifest.xml:20:5-44
MERGED from [com.android.support.constraint:constraint-layout:1.1.0] AndroidManifest.xml:5:5-7:41
MERGED from [com.android.support.constraint:constraint-layout:1.1.0] AndroidManifest.xml:5:5-7:41
MERGED from [com.google.firebase:firebase-messaging:17.3.4] AndroidManifest.xml:20:5-44
MERGED from [com.google.firebase:firebase-messaging:17.3.4] AndroidManifest.xml:20:5-44
MERGED from [com.google.firebase:firebase-core:16.0.1] AndroidManifest.xml:5:5-44
MERGED from [com.google.firebase:firebase-core:16.0.1] AndroidManifest.xml:5:5-44
MERGED from [com.google.firebase:firebase-measurement-connector-impl:16.0.1] AndroidManifest.xml:20:5-44
MERGED from [com.google.firebase:firebase-measurement-connector-impl:16.0.1] AndroidManifest.xml:20:5-44
MERGED from [com.google.firebase:firebase-analytics:16.0.1] AndroidManifest.xml:20:5-44
MERGED from [com.google.firebase:firebase-analytics:16.0.1] AndroidManifest.xml:20:5-44
MERGED from [com.google.firebase:firebase-analytics-impl:16.1.1] AndroidManifest.xml:20:5-44
MERGED from [com.google.firebase:firebase-analytics-impl:16.1.1] AndroidManifest.xml:20:5-44
MERGED from [com.google.firebase:firebase-iid:17.0.4] AndroidManifest.xml:20:5-44
MERGED from [com.google.firebase:firebase-iid:17.0.4] AndroidManifest.xml:20:5-44
MERGED from [com.google.firebase:firebase-common:16.0.3] AndroidManifest.xml:5:5-7:41
MERGED from [com.google.firebase:firebase-common:16.0.3] AndroidManifest.xml:5:5-7:41
MERGED from [com.google.firebase:firebase-iid-interop:16.0.1] AndroidManifest.xml:5:5-44
MERGED from [com.google.firebase:firebase-iid-interop:16.0.1] AndroidManifest.xml:5:5-44
MERGED from [com.google.android.gms:play-services-base:16.0.1] AndroidManifest.xml:20:5-44
MERGED from [com.google.android.gms:play-services-base:16.0.1] AndroidManifest.xml:20:5-44
MERGED from [com.google.android.gms:play-services-tasks:16.0.1] AndroidManifest.xml:5:5-44
MERGED from [com.google.android.gms:play-services-tasks:16.0.1] AndroidManifest.xml:5:5-44
MERGED from [com.google.firebase:firebase-measurement-connector:17.0.1] AndroidManifest.xml:20:5-44
MERGED from [com.google.firebase:firebase-measurement-connector:17.0.1] AndroidManifest.xml:20:5-44
MERGED from [com.google.android.gms:play-services-stats:16.0.1] AndroidManifest.xml:5:5-44
MERGED from [com.google.android.gms:play-services-stats:16.0.1] AndroidManifest.xml:5:5-44
MERGED from [com.google.android.gms:play-services-ads-identifier:15.0.1] AndroidManifest.xml:20:5-44
MERGED from [com.google.android.gms:play-services-ads-identifier:15.0.1] AndroidManifest.xml:20:5-44
MERGED from [com.google.android.gms:play-services-basement:16.0.1] AndroidManifest.xml:20:5-44
MERGED from [com.google.android.gms:play-services-basement:16.0.1] AndroidManifest.xml:20:5-44
MERGED from [com.android.support:support-v4:28.0.0] AndroidManifest.xml:20:5-44
MERGED from [com.android.support:support-v4:28.0.0] AndroidManifest.xml:20:5-44
MERGED from [io.reactivex:rxandroid:1.2.1] AndroidManifest.xml:19:5-43
MERGED from [io.reactivex:rxandroid:1.2.1] AndroidManifest.xml:19:5-43
MERGED from [com.github.siyamed:android-shape-imageview:0.9.3] AndroidManifest.xml:8:5-10:41
MERGED from [com.github.siyamed:android-shape-imageview:0.9.3] AndroidManifest.xml:8:5-10:41
MERGED from [com.paypal.sdk:paypal-android-sdk:2.16.0] AndroidManifest.xml:5:5-7:41
MERGED from [com.paypal.sdk:paypal-android-sdk:2.16.0] AndroidManifest.xml:5:5-7:41
MERGED from [com.crashlytics.sdk.android:crashlytics:2.9.4] AndroidManifest.xml:7:5-43
MERGED from [com.crashlytics.sdk.android:crashlytics:2.9.4] AndroidManifest.xml:7:5-43
MERGED from [com.android.support:multidex:1.0.3] AndroidManifest.xml:20:5-43
MERGED from [com.android.support:multidex:1.0.3] AndroidManifest.xml:20:5-43
MERGED from [com.android.support:support-fragment:28.0.0] AndroidManifest.xml:20:5-44
MERGED from [com.android.support:support-fragment:28.0.0] AndroidManifest.xml:20:5-44
MERGED from [com.android.support:animated-vector-drawable:28.0.0] AndroidManifest.xml:20:5-44
MERGED from [com.android.support:animated-vector-drawable:28.0.0] AndroidManifest.xml:20:5-44
MERGED from [com.android.support:recyclerview-v7:28.0.0] AndroidManifest.xml:20:5-44
MERGED from [com.android.support:recyclerview-v7:28.0.0] AndroidManifest.xml:20:5-44
MERGED from [com.android.support:support-core-ui:28.0.0] AndroidManifest.xml:20:5-44
MERGED from [com.android.support:support-core-ui:28.0.0] AndroidManifest.xml:20:5-44
MERGED from [com.android.support:support-core-utils:28.0.0] AndroidManifest.xml:20:5-44
MERGED from [com.android.support:support-core-utils:28.0.0] AndroidManifest.xml:20:5-44
MERGED from [com.android.support:support-vector-drawable:28.0.0] AndroidManifest.xml:20:5-44
MERGED from [com.android.support:support-vector-drawable:28.0.0] AndroidManifest.xml:20:5-44
MERGED from [com.android.support:support-media-compat:28.0.0] AndroidManifest.xml:20:5-44
MERGED from [com.android.support:support-media-compat:28.0.0] AndroidManifest.xml:20:5-44
MERGED from [com.android.support:transition:28.0.0] AndroidManifest.xml:20:5-44
MERGED from [com.android.support:transition:28.0.0] AndroidManifest.xml:20:5-44
MERGED from [com.android.support:loader:28.0.0] AndroidManifest.xml:20:5-44
MERGED from [com.android.support:loader:28.0.0] AndroidManifest.xml:20:5-44
MERGED from [com.android.support:viewpager:28.0.0] AndroidManifest.xml:20:5-44
MERGED from [com.android.support:viewpager:28.0.0] AndroidManifest.xml:20:5-44
MERGED from [com.android.support:coordinatorlayout:28.0.0] AndroidManifest.xml:20:5-44
MERGED from [com.android.support:coordinatorlayout:28.0.0] AndroidManifest.xml:20:5-44
MERGED from [com.android.support:drawerlayout:28.0.0] AndroidManifest.xml:20:5-44
MERGED from [com.android.support:drawerlayout:28.0.0] AndroidManifest.xml:20:5-44
MERGED from [com.android.support:slidingpanelayout:28.0.0] AndroidManifest.xml:20:5-44
MERGED from [com.android.support:slidingpanelayout:28.0.0] AndroidManifest.xml:20:5-44
MERGED from [com.android.support:customview:28.0.0] AndroidManifest.xml:20:5-44
MERGED from [com.android.support:customview:28.0.0] AndroidManifest.xml:20:5-44
MERGED from [com.android.support:swiperefreshlayout:28.0.0] AndroidManifest.xml:20:5-44
MERGED from [com.android.support:swiperefreshlayout:28.0.0] AndroidManifest.xml:20:5-44
MERGED from [com.android.support:asynclayoutinflater:28.0.0] AndroidManifest.xml:20:5-44
MERGED from [com.android.support:asynclayoutinflater:28.0.0] AndroidManifest.xml:20:5-44
MERGED from [com.android.support:support-compat:28.0.0] AndroidManifest.xml:20:5-44
MERGED from [com.android.support:support-compat:28.0.0] AndroidManifest.xml:20:5-44
MERGED from [com.android.support:versionedparcelable:28.0.0] AndroidManifest.xml:20:5-44
MERGED from [com.android.support:versionedparcelable:28.0.0] AndroidManifest.xml:20:5-44
MERGED from [com.android.support:cursoradapter:28.0.0] AndroidManifest.xml:20:5-44
MERGED from [com.android.support:cursoradapter:28.0.0] AndroidManifest.xml:20:5-44
MERGED from [com.android.support:cardview-v7:28.0.0] AndroidManifest.xml:20:5-44
MERGED from [com.android.support:cardview-v7:28.0.0] AndroidManifest.xml:20:5-44
MERGED from [android.arch.lifecycle:runtime:1.1.1] AndroidManifest.xml:20:5-44
MERGED from [android.arch.lifecycle:runtime:1.1.1] AndroidManifest.xml:20:5-44
MERGED from [com.android.support:documentfile:28.0.0] AndroidManifest.xml:20:5-44
MERGED from [com.android.support:documentfile:28.0.0] AndroidManifest.xml:20:5-44
MERGED from [com.android.support:localbroadcastmanager:28.0.0] AndroidManifest.xml:20:5-44
MERGED from [com.android.support:localbroadcastmanager:28.0.0] AndroidManifest.xml:20:5-44
MERGED from [com.android.support:print:28.0.0] AndroidManifest.xml:20:5-44
MERGED from [com.android.support:print:28.0.0] AndroidManifest.xml:20:5-44
MERGED from [android.arch.lifecycle:viewmodel:1.1.1] AndroidManifest.xml:20:5-44
MERGED from [android.arch.lifecycle:viewmodel:1.1.1] AndroidManifest.xml:20:5-44